2023-04-02 21:09:47.502958 - Initialized conversion of CBT040
2023-04-02 21:09:47.728478 - Received CBT.V504.FILE040.PDS from FILE040.XMI 
2023-04-02 21:09:47.731073 - Found $$$#DATE.txt (text/plain) in CBT.V504.FILE040.PDS, moved to PDS/$$$#DATE
2023-04-02 21:09:47.732023 - Found $$DOC.txt (text/plain) in CBT.V504.FILE040.PDS, moved to PDS/$$DOC
2023-04-02 21:09:47.732996 - Found @FILE040.txt (text/plain) in CBT.V504.FILE040.PDS, moved to PDS/@FILE040
2023-04-02 21:09:47.734181 - Found DBACONSL.txt (text/plain) in CBT.V504.FILE040.PDS, moved to PDS/DBACONSL
2023-04-02 21:09:47.735109 - Found DBAIOB.txt (text/plain) in CBT.V504.FILE040.PDS, moved to PDS/DBAIOB
2023-04-02 21:09:47.736064 - Found LKEDIN.txt (text/plain) in CBT.V504.FILE040.PDS, moved to PDS/LKEDIN
2023-04-02 21:09:47.737032 - Found MOREDOC.txt (text/plain) in CBT.V504.FILE040.PDS, moved to PDS/MOREDOC
2023-04-02 21:09:47.737975 - Found PDSCLEAN.txt (text/plain) in CBT.V504.FILE040.PDS, moved to PDS/PDSCLEAN
2023-04-02 21:09:47.739014 - Found PDSPDS.txt (text/plain) in CBT.V504.FILE040.PDS, moved to PDS/PDSPDS
2023-04-02 21:09:47.739899 - Found PROCGEN.txt (text/plain) in CBT.V504.FILE040.PDS, moved to PDS/PROCGEN
2023-04-02 21:09:47.740770 - Found PROCPDS.txt (text/plain) in CBT.V504.FILE040.PDS, moved to PDS/PROCPDS
2023-04-02 21:09:47.741717 - Found RDOC72.txt (text/plain) in CBT.V504.FILE040.PDS, moved to PDS/RDOC72
2023-04-02 21:09:47.742686 - Found RDOC72UM.txt (text/plain) in CBT.V504.FILE040.PDS, moved to PDS/RDOC72UM
2023-04-02 21:09:47.743614 - Found REGS.txt (text/plain) in CBT.V504.FILE040.PDS, moved to PDS/REGS
2023-04-02 21:09:47.744564 - Found SPGEN.txt (text/plain) in CBT.V504.FILE040.PDS, moved to PDS/SPGEN
2023-04-02 21:09:47.745524 - Found SUPERGEN.txt (text/plain) in CBT.V504.FILE040.PDS, moved to PDS/SUPERGEN
2023-04-02 21:09:47.746395 - Found VDBS$DDF.txt (text/plain) in CBT.V504.FILE040.PDS, moved to PDS/VDBS$DDF
2023-04-02 21:09:47.747325 - Found VDBS$HEX.txt (text/plain) in CBT.V504.FILE040.PDS, moved to PDS/VDBS$HEX
2023-04-02 21:09:47.748262 - Found XPDS.txt (text/plain) in CBT.V504.FILE040.PDS, moved to PDS/XPDS
